<?xml version="1.0" encoding="UTF-8"?>
<!-- Generated by org.testng.reporters.JUnitReportReporter -->
<testsuite hostname="LAPTOP-G9RE70VK" failures="0" tests="1" name="Demo.DemoTest" time="10.200" errors="0" timestamp="2022-08-16T14:44:43 IST" skipped="0">
  <testcase classname="Demo.DemoTest" name="demoTest" time="10.200"/>
  <system-out/>
</testsuite> <!-- Demo.DemoTest -->
