<?xml version="1.0" encoding="UTF-8"?>
<!-- Generated by org.testng.reporters.JUnitReportReporter -->
<testsuite hostname="LAPTOP-G9RE70VK" failures="0" tests="1" name="Demo.Test1" time="0.007" errors="0" timestamp="2022-08-16T13:55:57 IST" skipped="0">
  <testcase classname="Demo.Test1" name="method" time="0.007"/>
  <system-out/>
</testsuite> <!-- Demo.Test1 -->
